<?xml version="1.0" encoding="UTF-8"?>
<!-- Generated by org.testng.reporters.JUnitReportReporter -->
<testsuite skipped="0" hostname="DESKTOP-9J8B953" name="com.testcases.LoginHRMtestcases" tests="1" failures="0" timestamp="28 Apr 2020 20:30:03 GMT" time="14.449" errors="0">
  <testcase name="login" time="14.449" classname="com.testcases.LoginHRMtestcases"/>
</testsuite> <!-- com.testcases.LoginHRMtestcases -->
