<?xml version="1.0" encoding="UTF-8"?>
<!-- Generated by org.testng.reporters.JUnitReportReporter -->
<testsuite skipped="0" hostname="DESKTOP-9J8B953" name="com.testcases.OHRMloginusingnewmethodsTestcases" tests="1" failures="0" timestamp="03 May 2020 13:36:21 GMT" time="1.313" errors="0">
  <testcase name="loginpage" time="1.313" classname="com.testcases.OHRMloginusingnewmethodsTestcases"/>
</testsuite> <!-- com.testcases.OHRMloginusingnewmethodsTestcases -->
