<?xml version="1.0" encoding="UTF-8"?>
<!-- Generated by org.testng.reporters.JUnitReportReporter -->
<testsuite skipped="0" hostname="DESKTOP-9J8B953" name="com.testcases.logintestcase" tests="1" failures="0" timestamp="03 May 2020 13:16:03 GMT" time="28.652" errors="0">
  <testcase name="login" time="28.652" classname="com.testcases.logintestcase"/>
</testsuite> <!-- com.testcases.logintestcase -->
