<?xml version="1.0" encoding="UTF-8"?>
<!-- Generated by org.testng.reporters.JUnitReportReporter -->
<testsuite skipped="0" hostname="DESKTOP-9J8B953" name="com.testcases.OHRMloginusingPOMTestcases" tests="1" failures="0" timestamp="18 May 2020 03:31:58 GMT" time="1.248" errors="0">
  <testcase name="loginpage" time="1.248" classname="com.testcases.OHRMloginusingPOMTestcases"/>
</testsuite> <!-- com.testcases.OHRMloginusingPOMTestcases -->
