<?xml version="1.0" encoding="UTF-8"?>
<!-- Generated by org.testng.reporters.JUnitReportReporter -->
<testsuite skipped="0" hostname="DESKTOP-9J8B953" name="com.testcases.Facebooklogintestcase" tests="1" failures="0" timestamp="18 May 2020 03:16:53 GMT" time="24.170" errors="0">
  <testcase name="login" time="24.170" classname="com.testcases.Facebooklogintestcase"/>
</testsuite> <!-- com.testcases.Facebooklogintestcase -->
