<?xml version="1.0" encoding="UTF-8"?>
<!-- Generated by org.testng.reporters.JUnitReportReporter -->
<testsuite skipped="0" hostname="DESKTOP-9J8B953" name="com.testcases.FacebookRegistertestcase" tests="1" failures="0" timestamp="19 May 2020 22:00:07 GMT" time="0.790" errors="0">
  <testcase name="signup" time="0.790" classname="com.testcases.FacebookRegistertestcase"/>
</testsuite> <!-- com.testcases.FacebookRegistertestcase -->
